  Application.cpp
D:\Project\OpenGL\OpenGL\src\Application.cpp(6,10): fatal  error C1083: Cannot open include file: 'GL/glew.h': No such file or directory
  IndexBuffer.cpp
D:\Project\OpenGL\OpenGL\src\Renderer.h(3,10): fatal  error C1083: Cannot open include file: 'GL/glew.h': No such file or directory
  Renderer.cpp
D:\Project\OpenGL\OpenGL\src\Renderer.h(3,10): fatal  error C1083: Cannot open include file: 'GL/glew.h': No such file or directory
  Shader.cpp
D:\Project\OpenGL\OpenGL\src\Shader.h(5,10): fatal  error C1083: Cannot open include file: 'glm/glm.hpp': No such file or directory
  Texture.cpp
D:\Project\OpenGL\OpenGL\src\Renderer.h(3,10): fatal  error C1083: Cannot open include file: 'GL/glew.h': No such file or directory
  glm.cpp
D:\Project\OpenGL\OpenGL\src\vendor\glm\detail\glm.cpp(7,10): fatal  error C1083: Cannot open include file: 'glm/gtx/dual_quaternion.hpp': No such file or directory
  imgui.cpp
  imgui_demo.cpp
  imgui_draw.cpp
  imgui_impl_glfw.cpp
D:\Project\OpenGL\OpenGL\src\vendor\imgui\imgui_impl_glfw.cpp(71,10): fatal  error C1083: Cannot open include file: 'GL/glew.h': No such file or directory
  imgui_impl_opengl3.cpp
  imgui_tables.cpp
  imgui_widgets.cpp
  stb_image.cpp
  VertexArray.cpp
D:\Project\OpenGL\OpenGL\src\VertexBufferLayout.h(3,10): fatal  error C1083: Cannot open include file: 'GL/glew.h': No such file or directory
  VertexBuffer.cpp
D:\Project\OpenGL\OpenGL\src\Renderer.h(3,10): fatal  error C1083: Cannot open include file: 'GL/glew.h': No such file or directory
  VertexBufferLayout.cpp
D:\Project\OpenGL\OpenGL\src\VertexBufferLayout.h(3,10): fatal  error C1083: Cannot open include file: 'GL/glew.h': No such file or directory
  Generating Code...
